0 info it worked if it ends with ok
1 verbose cli [ 'node', '/usr/local/bin/npm', 'install', 'nodameon' ]
2 info using npm@1.4.28
3 info using node@v0.10.33
4 warn package.json mobile-api@1.0.0 No README data
5 verbose readDependencies using package.json deps
6 verbose cache add [ 'nodameon', null ]
7 verbose cache add name=undefined spec="nodameon" args=["nodameon",null]
8 verbose parsed url { protocol: null,
8 verbose parsed url   slashes: null,
8 verbose parsed url   auth: null,
8 verbose parsed url   host: null,
8 verbose parsed url   port: null,
8 verbose parsed url   hostname: null,
8 verbose parsed url   hash: null,
8 verbose parsed url   search: null,
8 verbose parsed url   query: null,
8 verbose parsed url   pathname: 'nodameon',
8 verbose parsed url   path: 'nodameon',
8 verbose parsed url   href: 'nodameon' }
9 silly lockFile d38db3b9-nodameon nodameon
10 verbose lock nodameon /Users/dave/.npm/d38db3b9-nodameon.lock
11 silly lockFile d38db3b9-nodameon nodameon
12 silly lockFile d38db3b9-nodameon nodameon
13 verbose addNamed [ 'nodameon', '' ]
14 verbose addNamed [ null, '*' ]
15 silly lockFile 7ce8f671-nodameon nodameon@
16 verbose lock nodameon@ /Users/dave/.npm/7ce8f671-nodameon.lock
17 silly addNameRange { name: 'nodameon', range: '*', hasData: false }
18 verbose request where is /nodameon
19 verbose request registry https://registry.npmjs.org/
20 verbose request id d7cbc5d06887b1a7
21 verbose url raw /nodameon
22 verbose url resolving [ 'https://registry.npmjs.org/', './nodameon' ]
23 verbose url resolved https://registry.npmjs.org/nodameon
24 verbose request where is https://registry.npmjs.org/nodameon
25 info trying registry request attempt 1 at 17:10:20
26 http GET https://registry.npmjs.org/nodameon
27 http 404 https://registry.npmjs.org/nodameon
28 silly registry.get cb [ 404,
28 silly registry.get   { 'content-type': 'application/json',
28 silly registry.get     'cache-control': 'max-age=0',
28 silly registry.get     'content-length': '2',
28 silly registry.get     'accept-ranges': 'bytes',
28 silly registry.get     date: 'Wed, 30 Dec 2015 22:10:20 GMT',
28 silly registry.get     via: '1.1 varnish',
28 silly registry.get     age: '0',
28 silly registry.get     connection: 'keep-alive',
28 silly registry.get     'x-served-by': 'cache-iad2125-IAD',
28 silly registry.get     'x-cache': 'MISS',
28 silly registry.get     'x-cache-hits': '0',
28 silly registry.get     'x-timer': 'S1451513420.735299,VS0,VE59' } ]
29 silly lockFile 7ce8f671-nodameon nodameon@
30 silly lockFile 7ce8f671-nodameon nodameon@
31 error 404 Not Found
31 error 404
31 error 404 'nodameon' is not in the npm registry.
31 error 404 You should bug the author to publish it
31 error 404 It was specified as a dependency of 'mobile-api'
31 error 404
31 error 404 Note that you can also install from a
31 error 404 tarball, folder, or http url, or git url.
32 error System Darwin 14.5.0
33 error command "node" "/usr/local/bin/npm" "install" "nodameon"
34 error cwd /Users/dave/Documents/nodejs/mobile-api
35 error node -v v0.10.33
36 error npm -v 1.4.28
37 error code E404
38 verbose exit [ 1, true ]
